  MyForm.cpp
C:\Users\PC14\Desktop\OpenMesh_EX\OpenMesh_EX\Try.h(52,24): warning C4305: '正在初始化': 從 'double' 轉換為 'float'，是由較大的類型轉換為較小的類型，可能導致資料遺失
C:\Users\PC14\Desktop\OpenMesh_EX\OpenMesh_EX\Try.h(99,20): warning C4018: '<': signed/unsigned 不相符
C:\Users\PC14\Desktop\OpenMesh_EX\OpenMesh_EX\Try.h(107,20): warning C4018: '<': signed/unsigned 不相符
C:\Users\PC14\Desktop\OpenMesh_EX\OpenMesh_EX\Try.h(127,20): warning C4018: '<': signed/unsigned 不相符
C:\Users\PC14\Desktop\OpenMesh_EX\OpenMesh_EX\Try.h(146,20): warning C4018: '<': signed/unsigned 不相符
C:\Users\PC14\Desktop\OpenMesh_EX\OpenMesh_EX\Try.h(155,20): warning C4018: '<': signed/unsigned 不相符
C:\Users\PC14\Desktop\OpenMesh_EX\OpenMesh_EX\Try.h(160,20): warning C4018: '<': signed/unsigned 不相符
C:\Users\PC14\Desktop\OpenMesh_EX\OpenMesh_EX\Try.h(169,20): warning C4018: '<': signed/unsigned 不相符
C:\Users\PC14\Desktop\OpenMesh_EX\OpenMesh_EX\Try.h(189,20): warning C4018: '<': signed/unsigned 不相符
C:\Users\PC14\Desktop\OpenMesh_EX\OpenMesh_EX\Try.h(219,20): warning C4018: '<': signed/unsigned 不相符
C:\Users\PC14\Desktop\OpenMesh_EX\OpenMesh_EX\Try.h(251,38): warning C4244: '引數': 將 'float' 轉換為 'int'，由於類型不同，可能導致資料遺失
C:\Users\PC14\Desktop\OpenMesh_EX\OpenMesh_EX\Try.h(251,24): warning C4244: '引數': 將 'float' 轉換為 'int'，由於類型不同，可能導致資料遺失
C:\Users\PC14\Desktop\OpenMesh_EX\OpenMesh_EX\Try.h(282,20): warning C4018: '<': signed/unsigned 不相符
C:\Users\PC14\Desktop\OpenMesh_EX\OpenMesh_EX\Try.h(367,35): warning C4244: '引數': 將 'float' 轉換為 'int'，由於類型不同，可能導致資料遺失
C:\Users\PC14\Desktop\OpenMesh_EX\OpenMesh_EX\Try.h(367,22): warning C4244: '引數': 將 'float' 轉換為 'int'，由於類型不同，可能導致資料遺失
C:\Users\PC14\Desktop\OpenMesh_EX\OpenMesh_EX\Try.h(427,15): warning C4244: '正在初始化': 將 'double' 轉換為 'float'，由於類型不同，可能導致資料遺失
C:\Users\PC14\Desktop\OpenMesh_EX\OpenMesh_EX\Try.h(469,16): warning C4244: '正在初始化': 將 'float' 轉換為 'int'，由於類型不同，可能導致資料遺失
C:\Users\PC14\Desktop\OpenMesh_EX\OpenMesh_EX\Try.h(510,21): warning C4018: '<': signed/unsigned 不相符
C:\Users\PC14\Desktop\OpenMesh_EX\OpenMesh_EX\Try.h(541,15): warning C4244: '正在初始化': 將 'double' 轉換為 'float'，由於類型不同，可能導致資料遺失
C:\Users\PC14\Desktop\OpenMesh_EX\OpenMesh_EX\Try.h(584,65): warning C4244: '引數': 將 'float' 轉換為 'unsigned int'，由於類型不同，可能導致資料遺失
C:\Users\PC14\Desktop\OpenMesh_EX\OpenMesh_EX\Mesh\timestamp.h(14,1): warning C4005: 'WIN32_LEAN_AND_MEAN': 巨集重複定義
C:\Users\PC14\Desktop\OpenMesh_EX\Include\FreeGLUT\freeglut_std.h(58): message : 請參閱 'WIN32_LEAN_AND_MEAN' 之前的定義
C:\Users\PC14\Desktop\OpenMesh_EX\OpenMesh_EX\MyForm.h(1001,9): warning C4068: 未知的 pragma 'Pick'
C:\Users\PC14\Desktop\OpenMesh_EX\OpenMesh_EX\MyForm.h(1052,50): warning C4244: '引數': 將 'int' 轉換為 'float'，由於類型不同，可能導致資料遺失
C:\Users\PC14\Desktop\OpenMesh_EX\OpenMesh_EX\MyForm.h(1053,38): warning C4244: '=': 將 'int' 轉換為 'float'，由於類型不同，可能導致資料遺失
C:\Users\PC14\Desktop\OpenMesh_EX\OpenMesh_EX\MyForm.cpp(6,1): warning C4829: 函式 main 的參數可能不正確。請考慮 'int main(Platform::Array<Platform::String^>^ argv)'
C:\Users\PC14\Desktop\OpenMesh_EX\OpenMesh_EX\Try.h(247): warning C4715: 'Save_material': 不是所有控制路徑都傳回值
C:\Users\PC14\Desktop\OpenMesh_EX\OpenMesh_EX\MyForm.cpp : warning C4793: 'OpenMesh::ArrayKernel::`vcall'{16}'': 函式會編譯成機器碼:
  	非 clrcall 的 vcall Thunk 必須編譯為原生
C:\Users\PC14\Desktop\OpenMesh_EX\OpenMesh_EX\MyForm.cpp : warning C4793: 'OpenMesh::ArrayKernel::`vcall'{4}'': 函式會編譯成機器碼:
  	非 clrcall 的 vcall Thunk 必須編譯為原生
  OpenMesh_EX.vcxproj -> C:\Users\PC14\Desktop\OpenMesh_EX\Release\OpenMesh_EX.exe
